<?xml version="1.0" encoding="UTF-8"?>
<!-- Generated by org.testng.reporters.JUnitReportReporter -->
<testsuite hostname="PAWAN" failures="0" tests="1" name="crudOperationsWithBdd.getAllResources" time="2.640" errors="0" timestamp="2021-12-10T11:31:18 IST" skipped="0">
  <testcase classname="crudOperationsWithBdd.getAllResources" name="getResources" time="2.640"/>
  <system-out/>
</testsuite> <!-- crudOperationsWithBdd.getAllResources -->
