<?xml version="1.0" encoding="UTF-8"?>
<!-- Generated by org.testng.reporters.JUnitReportReporter -->
<testsuite hostname="PAWAN" failures="0" tests="1" name="CrudOperationsWithoutBdd.deleteOneResource" time="2.604" errors="0" timestamp="2021-12-09T10:01:44 IST" skipped="0">
  <testcase classname="CrudOperationsWithoutBdd.deleteOneResource" name="deleteResources" time="2.604"/>
  <system-out/>
</testsuite> <!-- CrudOperationsWithoutBdd.deleteOneResource -->
