<?xml version="1.0" encoding="UTF-8"?>
<!-- Generated by org.testng.reporters.JUnitReportReporter -->
<testsuite hostname="PAWAN" failures="0" tests="1" name="postOperations.PostOperationsUsingHasmap" time="2.822" errors="0" timestamp="2021-12-09T14:49:05 IST" skipped="0">
  <testcase classname="postOperations.PostOperationsUsingHasmap" name="create" time="2.822"/>
  <system-out/>
</testsuite> <!-- postOperations.PostOperationsUsingHasmap -->
