<?xml version="1.0" encoding="UTF-8"?>
<!-- Generated by org.testng.reporters.JUnitReportReporter -->
<testsuite hostname="PAWAN" failures="0" tests="1" name="crudOperationsWithBdd.createAResource" time="2.749" errors="0" timestamp="2021-12-09T13:13:26 IST" skipped="0">
  <testcase classname="crudOperationsWithBdd.createAResource" name="craeteResources" time="2.749"/>
  <system-out/>
</testsuite> <!-- crudOperationsWithBdd.createAResource -->
