<?xml version="1.0" encoding="UTF-8"?>
<!-- Generated by org.testng.reporters.JUnitReportReporter -->
<testsuite hostname="PAWAN" failures="0" tests="1" name="responseValidation.dynamicResponseValidation" time="3.169" errors="0" timestamp="2021-12-10T11:41:50 IST" skipped="0">
  <testcase classname="responseValidation.dynamicResponseValidation" name="validation" time="3.169"/>
  <system-out/>
</testsuite> <!-- responseValidation.dynamicResponseValidation -->
