<?xml version="1.0" encoding="UTF-8"?>
<!-- Generated by org.testng.reporters.JUnitReportReporter -->
<testsuite hostname="PAWAN" failures="0" tests="2" name="responseValidation.multipleDataUsingDataProvider" time="13.810" errors="0" timestamp="2021-12-10T14:16:47 IST" skipped="0">
  <testcase classname="responseValidation.multipleDataUsingDataProvider" name="getResources" time="13.530"/>
  <system-out/>
  <testcase classname="responseValidation.multipleDataUsingDataProvider" name="getResources" time="0.280"/>
  <system-out/>
</testsuite> <!-- responseValidation.multipleDataUsingDataProvider -->
